2024-07-16T14:46:57.250+07:00  INFO 15768 --- [miniApartment] [restartedMain] c.m.m.MiniApartmentApplication           : Starting MiniApartmentApplication using Java 22.0.1 with PID 15768 (E:\TT_FIS\MiniApartment\target\classes started by trant in E:\TT_FIS\MiniApartment)
2024-07-16T14:46:57.252+07:00  INFO 15768 --- [miniApartment] [restartedMain] c.m.m.MiniApartmentApplication           : No active profile set, falling back to 1 default profile: "default"
2024-07-16T14:46:57.285+07:00  INFO 15768 --- [miniApartment] [restartedMain] .e.DevToolsPropertyDefaultsPostProcessor : Devtools property defaults active! Set 'spring.devtools.add-properties' to 'false' to disable
2024-07-16T14:46:57.285+07:00  INFO 15768 --- [miniApartment] [restartedMain] .e.DevToolsPropertyDefaultsPostProcessor : For additional web related logging consider setting the 'logging.level.web' property to 'DEBUG'
2024-07-16T14:46:57.784+07:00  INFO 15768 --- [miniApartment] [restartedMain] .s.d.r.c.RepositoryConfigurationDelegate : Multiple Spring Data modules found, entering strict repository configuration mode
2024-07-16T14:46:57.785+07:00  INFO 15768 --- [miniApartment] [restartedMain] .s.d.r.c.RepositoryConfigurationDelegate : Bootstrapping Spring Data JDBC repositories in DEFAULT mode.
2024-07-16T14:46:57.806+07:00  INFO 15768 --- [miniApartment] [restartedMain] .RepositoryConfigurationExtensionSupport : Spring Data JDBC - Could not safely identify store assignment for repository candidate interface com.miniApartment.miniApartment.Repository.ContractRepository; If you want this repository to be a JDBC repository, consider annotating your entities with one of these annotations: org.springframework.data.relational.core.mapping.Table.
2024-07-16T14:46:57.807+07:00  INFO 15768 --- [miniApartment] [restartedMain] .RepositoryConfigurationExtensionSupport : Spring Data JDBC - Could not safely identify store assignment for repository candidate interface com.miniApartment.miniApartment.Repository.PaymentRepository; If you want this repository to be a JDBC repository, consider annotating your entities with one of these annotations: org.springframework.data.relational.core.mapping.Table.
2024-07-16T14:46:57.808+07:00  INFO 15768 --- [miniApartment] [restartedMain] .RepositoryConfigurationExtensionSupport : Spring Data JDBC - Could not safely identify store assignment for repository candidate interface com.miniApartment.miniApartment.Repository.RoleRepository; If you want this repository to be a JDBC repository, consider annotating your entities with one of these annotations: org.springframework.data.relational.core.mapping.Table.
2024-07-16T14:46:57.809+07:00  INFO 15768 --- [miniApartment] [restartedMain] .RepositoryConfigurationExtensionSupport : Spring Data JDBC - Could not safely identify store assignment for repository candidate interface com.miniApartment.miniApartment.Repository.TenantRepository; If you want this repository to be a JDBC repository, consider annotating your entities with one of these annotations: org.springframework.data.relational.core.mapping.Table.
2024-07-16T14:46:57.810+07:00  INFO 15768 --- [miniApartment] [restartedMain] .RepositoryConfigurationExtensionSupport : Spring Data JDBC - Could not safely identify store assignment for repository candidate interface com.miniApartment.miniApartment.Repository.UserRepository; If you want this repository to be a JDBC repository, consider annotating your entities with one of these annotations: org.springframework.data.relational.core.mapping.Table.
2024-07-16T14:46:57.810+07:00  INFO 15768 --- [miniApartment] [restartedMain] .s.d.r.c.RepositoryConfigurationDelegate : Finished Spring Data repository scanning in 22 ms. Found 0 JDBC repository interfaces.
2024-07-16T14:46:57.818+07:00  INFO 15768 --- [miniApartment] [restartedMain] .s.d.r.c.RepositoryConfigurationDelegate : Multiple Spring Data modules found, entering strict repository configuration mode
2024-07-16T14:46:57.818+07:00  INFO 15768 --- [miniApartment] [restartedMain] .s.d.r.c.RepositoryConfigurationDelegate : Bootstrapping Spring Data JPA repositories in DEFAULT mode.
2024-07-16T14:46:57.838+07:00  INFO 15768 --- [miniApartment] [restartedMain] .s.d.r.c.RepositoryConfigurationDelegate : Finished Spring Data repository scanning in 17 ms. Found 5 JPA repository interfaces.
2024-07-16T14:46:58.360+07:00  INFO 15768 --- [miniApartment] [restartedMain] o.s.b.w.embedded.tomcat.TomcatWebServer  : Tomcat initialized with port 8080 (http)
2024-07-16T14:46:58.369+07:00  INFO 15768 --- [miniApartment] [restartedMain] o.apache.catalina.core.StandardService   : Starting service [Tomcat]
2024-07-16T14:46:58.369+07:00  INFO 15768 --- [miniApartment] [restartedMain] o.apache.catalina.core.StandardEngine    : Starting Servlet engine: [Apache Tomcat/10.1.24]
2024-07-16T14:46:58.411+07:00  INFO 15768 --- [miniApartment] [restartedMain] o.a.c.c.C.[Tomcat].[localhost].[/]       : Initializing Spring embedded WebApplicationContext
2024-07-16T14:46:58.411+07:00  INFO 15768 --- [miniApartment] [restartedMain] w.s.c.ServletWebServerApplicationContext : Root WebApplicationContext: initialization completed in 1124 ms
2024-07-16T14:46:58.521+07:00  INFO 15768 --- [miniApartment] [restartedMain] o.hibernate.jpa.internal.util.LogHelper  : HHH000204: Processing PersistenceUnitInfo [name: default]
2024-07-16T14:46:58.552+07:00  INFO 15768 --- [miniApartment] [restartedMain] org.hibernate.Version                    : HHH000412: Hibernate ORM core version 6.5.2.Final
2024-07-16T14:46:58.576+07:00  INFO 15768 --- [miniApartment] [restartedMain] o.h.c.internal.RegionFactoryInitiator    : HHH000026: Second-level cache disabled
2024-07-16T14:46:58.756+07:00  INFO 15768 --- [miniApartment] [restartedMain] o.s.o.j.p.SpringPersistenceUnitInfo      : No LoadTimeWeaver setup: ignoring JPA class transformer
2024-07-16T14:46:58.774+07:00  INFO 15768 --- [miniApartment] [restartedMain] com.zaxxer.hikari.HikariDataSource       : HikariPool-1 - Starting...
2024-07-16T14:46:59.014+07:00  INFO 15768 --- [miniApartment] [restartedMain] com.zaxxer.hikari.pool.HikariPool        : HikariPool-1 - Added connection com.mysql.cj.jdbc.ConnectionImpl@3ec4c696
2024-07-16T14:46:59.016+07:00  INFO 15768 --- [miniApartment] [restartedMain] com.zaxxer.hikari.HikariDataSource       : HikariPool-1 - Start completed.
2024-07-16T14:46:59.051+07:00  WARN 15768 --- [miniApartment] [restartedMain] org.hibernate.orm.deprecation            : HHH90000025: MySQLDialect does not need to be specified explicitly using 'hibernate.dialect' (remove the property setting and it will be selected by default)
2024-07-16T14:46:59.745+07:00  INFO 15768 --- [miniApartment] [restartedMain] o.h.e.t.j.p.i.JtaPlatformInitiator       : HHH000489: No JTA platform available (set 'hibernate.transaction.jta.platform' to enable JTA platform integration)
2024-07-16T14:46:59.747+07:00  INFO 15768 --- [miniApartment] [restartedMain] j.LocalContainerEntityManagerFactoryBean : Initialized JPA EntityManagerFactory for persistence unit 'default'
2024-07-16T14:46:59.938+07:00  INFO 15768 --- [miniApartment] [restartedMain] o.s.d.j.r.query.QueryEnhancerFactory     : JSqlParser is in classpath; If applicable, JSqlParser will be used
2024-07-16T14:46:59.938+07:00  INFO 15768 --- [miniApartment] [restartedMain] o.s.d.j.r.query.QueryEnhancerFactory     : Hibernate is in classpath; If applicable, HQL parser will be used.
2024-07-16T14:47:00.334+07:00  INFO 15768 --- [miniApartment] [restartedMain] eAuthenticationProviderManagerConfigurer : Global AuthenticationManager configured with AuthenticationProvider bean with name authenticationProvider
2024-07-16T14:47:00.334+07:00  WARN 15768 --- [miniApartment] [restartedMain] r$InitializeUserDetailsManagerConfigurer : Global AuthenticationManager configured with an AuthenticationProvider bean. UserDetailsService beans will not be used for username/password login. Consider removing the AuthenticationProvider bean. Alternatively, consider using the UserDetailsService in a manually instantiated DaoAuthenticationProvider.
2024-07-16T14:47:00.458+07:00  WARN 15768 --- [miniApartment] [restartedMain] JpaBaseConfiguration$JpaWebConfiguration : spring.jpa.open-in-view is enabled by default. Therefore, database queries may be performed during view rendering. Explicitly configure spring.jpa.open-in-view to disable this warning
2024-07-16T14:47:00.691+07:00  INFO 15768 --- [miniApartment] [restartedMain] o.s.s.web.DefaultSecurityFilterChain     : Will secure any request with [org.springframework.security.web.session.DisableEncodeUrlFilter@60ec9ed4, org.springframework.security.web.context.request.async.WebAsyncManagerIntegrationFilter@6c05fcde, org.springframework.security.web.context.SecurityContextHolderFilter@5bafca07, org.springframework.security.web.header.HeaderWriterFilter@68313c69, org.springframework.web.filter.CorsFilter@2a8b24bd, org.springframework.security.web.authentication.logout.LogoutFilter@656eae82, com.miniApartment.miniApartment.Filter.JWTAuthFilter@5fd0686e, org.springframework.security.web.savedrequest.RequestCacheAwareFilter@2fbd0d6f, org.springframework.security.web.servletapi.SecurityContextHolderAwareRequestFilter@18fe5e9b, org.springframework.security.web.authentication.AnonymousAuthenticationFilter@7a1c335a, org.springframework.security.web.session.SessionManagementFilter@690cf8b8, org.springframework.security.web.access.ExceptionTranslationFilter@7470e1a3, org.springframework.security.web.access.intercept.AuthorizationFilter@47b96b9c]
2024-07-16T14:47:00.809+07:00  WARN 15768 --- [miniApartment] [restartedMain] ion$DefaultTemplateResolverConfiguration : Cannot find template location: classpath:/templates/ (please add some templates, check your Thymeleaf configuration, or set spring.thymeleaf.check-template-location=false)
2024-07-16T14:47:00.992+07:00  INFO 15768 --- [miniApartment] [restartedMain] o.s.b.d.a.OptionalLiveReloadServer       : LiveReload server is running on port 35729
2024-07-16T14:47:01.020+07:00  INFO 15768 --- [miniApartment] [restartedMain] o.s.b.w.embedded.tomcat.TomcatWebServer  : Tomcat started on port 8080 (http) with context path '/'
2024-07-16T14:47:01.026+07:00  INFO 15768 --- [miniApartment] [restartedMain] c.m.m.MiniApartmentApplication           : Started MiniApartmentApplication in 4.046 seconds (process running for 4.639)
2024-07-16T14:47:04.578+07:00  INFO 15768 --- [miniApartment] [http-nio-8080-exec-1] o.a.c.c.C.[Tomcat].[localhost].[/]       : Initializing Spring DispatcherServlet 'dispatcherServlet'
2024-07-16T14:47:04.579+07:00  INFO 15768 --- [miniApartment] [http-nio-8080-exec-1] o.s.web.servlet.DispatcherServlet        : Initializing Servlet 'dispatcherServlet'
2024-07-16T14:47:04.580+07:00  INFO 15768 --- [miniApartment] [http-nio-8080-exec-1] o.s.web.servlet.DispatcherServlet        : Completed initialization in 1 ms
2024-07-16T14:47:04.669+07:00 DEBUG 15768 --- [miniApartment] [http-nio-8080-exec-1] org.hibernate.SQL                        : 
    SELECT
        * 
    FROM
        tenants 
    WHERE
        firstName LIKE LOWER(CONCAT('%', ?, '%')) 
        OR lastName LIKE LOWER(CONCAT('%', ?, '%'))
2024-07-16T14:47:34.743+07:00  INFO 15768 --- [miniApartment] [SpringApplicationShutdownHook] j.LocalContainerEntityManagerFactoryBean : Closing JPA EntityManagerFactory for persistence unit 'default'
2024-07-16T14:47:34.747+07:00  INFO 15768 --- [miniApartment] [SpringApplicationShutdownHook] com.zaxxer.hikari.HikariDataSource       : HikariPool-1 - Shutdown initiated...
2024-07-16T14:47:34.760+07:00  INFO 15768 --- [miniApartment] [SpringApplicationShutdownHook] com.zaxxer.hikari.HikariDataSource       : HikariPool-1 - Shutdown completed.
